<?xml version="1.0" encoding="UTF-8"?>
<!-- Generated by org.testng.reporters.JUnitXMLReporter -->
<testsuite ignored="0" hostname="DESKTOP-Q0GD9FJ" failures="0" tests="7" name="End to End Test on chrome" time="129.512" errors="0" timestamp="2021-03-31T20:15:34 EET">
  <testcase classname="testCases.mainPageTest" name="confirmMainPage" time="0.197"/>
  <testcase classname="testCases.LoginPageTest" name="login" time="7.205"/>
  <testcase classname="testCases.LoginPageTest" name="loginWithWrongData" time="4.46"/>
  <testcase classname="testCases.LoginPageTest" name="loginWithWrongData" time="5.519"/>
  <testcase classname="testCases.LoginPageTest" name="loginWithWrongData" time="5.02"/>
  <testcase classname="testCases.HomePageTest" name="confirmHoMePage" time="5.398"/>
  <testcase classname="testCases.CheckTopsTest" name="checkTops" time="8.043"/>
</testsuite> <!-- End to End Test on chrome -->
