<?xml version="1.0" encoding="UTF-8"?>
<testsuite xmlns:xsi="http://www.w3.org/2001/XMLSchema-instance" xsi:noNamespaceSchemaLocation="https://maven.apache.org/surefire/maven-surefire-plugin/xsd/surefire-test-report-3.0.xsd" version="3.0" name="TestSuite" time="133.263" tests="7" errors="0" skipped="0" failures="0">
  <properties>
[...]
</properties>
  <testcase name="confirmHoMePage[public void testCases.HomePageTest.confirmHoMePage(java.lang.reflect.Method) throws java.lang.Exception](1)" classname="testCases.HomePageTest" time="7.499">
    <system-out><![CDATA[Before navigating to: 'http://automationpractice.com/index.php'
Navigated to:'http://automationpractice.com/index.php'
Trying to find Element By : By.xpath: //a[@title='Log in to your customer account']
Found Element By : By.xpath: //a[@title='Log in to your customer account']
Trying to click on: [[ChromeDriver: chrome on WINDOWS (4cc54ae0506386ca2db044d69a464ec6)] -> xpath: //a[@title='Log in to your customer account']]
Clicked on: [[ChromeDriver: chrome on WINDOWS (4cc54ae0506386ca2db044d69a464ec6)] -> xpath: //a[@title='Log in to your customer account']]
Trying to find Element By : By.id: email
Found Element By : By.id: email
Trying to find Element By : By.id: passwd
Found Element By : By.id: passwd
Trying to find Element By : By.name: SubmitLogin
Found Element By : By.name: SubmitLogin
Trying to click on: [[ChromeDriver: chrome on WINDOWS (4cc54ae0506386ca2db044d69a464ec6)] -> name: SubmitLogin]
Clicked on: [[ChromeDriver: chrome on WINDOWS (4cc54ae0506386ca2db044d69a464ec6)] -> name: SubmitLogin]
Trying to find Element By : By.xpath: //span[normalize-space()='mosta mostafa']
Found Element By : By.xpath: //span[normalize-space()='mosta mostafa']
]]></system-out>
    <system-err><![CDATA[SLF4J: Failed to load class "org.slf4j.impl.StaticLoggerBinder".
SLF4J: Defaulting to no-operation (NOP) logger implementation
SLF4J: See http://www.slf4j.org/codes.html#StaticLoggerBinder for further details.
Starting ChromeDriver 89.0.4389.23 (61b08ee2c50024bab004e48d2b1b083cdbdac579-refs/branch-heads/4389@{#294}) on port 20459
Only local connections are allowed.
Please see https://chromedriver.chromium.org/security-considerations for suggestions on keeping ChromeDriver safe.
ChromeDriver was started successfully.
Mar 31, 2021 6:58:18 AM org.openqa.selenium.remote.ProtocolHandshake createSession
INFO: Detected dialect: W3C
]]></system-err>
  </testcase>
  <testcase name="confirmMainPage[chrome, public void testCases.mainPageTest.confirmMainPage(java.lang.String,java.lang.reflect.Method) throws java.lang.Exception](1)" classname="testCases.mainPageTest" time="12.861">
    <system-out><![CDATA[Sucess
Before navigating to: 'http://automationpractice.com/index.php'
Navigated to:'http://automationpractice.com/index.php'
]]></system-out>
    <system-err><![CDATA[Starting ChromeDriver 89.0.4389.23 (61b08ee2c50024bab004e48d2b1b083cdbdac579-refs/branch-heads/4389@{#294}) on port 4325
Only local connections are allowed.
Please see https://chromedriver.chromium.org/security-considerations for suggestions on keeping ChromeDriver safe.
ChromeDriver was started successfully.
Mar 31, 2021 6:58:40 AM org.openqa.selenium.remote.ProtocolHandshake createSession
INFO: Detected dialect: W3C
]]></system-err>
  </testcase>
  <testcase name="login[public void testCases.LoginPageTest.login(java.lang.reflect.Method) throws java.lang.Exception](1)" classname="testCases.LoginPageTest" time="5.579">
    <system-out><![CDATA[Sucess
Before navigating to: 'http://automationpractice.com/index.php'
Navigated to:'http://automationpractice.com/index.php'
Trying to find Element By : By.xpath: //a[@title='Log in to your customer account']
Found Element By : By.xpath: //a[@title='Log in to your customer account']
Trying to click on: [[ChromeDriver: chrome on WINDOWS (4f78e8ae8355e365709ad9069d504f95)] -> xpath: //a[@title='Log in to your customer account']]
Clicked on: [[ChromeDriver: chrome on WINDOWS (4f78e8ae8355e365709ad9069d504f95)] -> xpath: //a[@title='Log in to your customer account']]
Trying to find Element By : By.id: email
Found Element By : By.id: email
Trying to find Element By : By.id: passwd
Found Element By : By.id: passwd
Trying to find Element By : By.name: SubmitLogin
Found Element By : By.name: SubmitLogin
Trying to click on: [[ChromeDriver: chrome on WINDOWS (4f78e8ae8355e365709ad9069d504f95)] -> name: SubmitLogin]
Clicked on: [[ChromeDriver: chrome on WINDOWS (4f78e8ae8355e365709ad9069d504f95)] -> name: SubmitLogin]
]]></system-out>
    <system-err><![CDATA[Starting ChromeDriver 89.0.4389.23 (61b08ee2c50024bab004e48d2b1b083cdbdac579-refs/branch-heads/4389@{#294}) on port 8659
Only local connections are allowed.
Please see https://chromedriver.chromium.org/security-considerations for suggestions on keeping ChromeDriver safe.
ChromeDriver was started successfully.
Mar 31, 2021 6:58:53 AM org.openqa.selenium.remote.ProtocolHandshake createSession
INFO: Detected dialect: W3C
]]></system-err>
  </testcase>
  <testcase name="loginWithWrongData[1235@hfif.com, 2158m, public void testCases.LoginPageTest.loginWithWrongData(java.lang.String,java.lang.String,java.lang.reflect.Method) throws java.lang.Exception](1)" classname="testCases.LoginPageTest" time="3.836">
    <system-out><![CDATA[Sucess
12345.0
Before navigating to: 'http://automationpractice.com/index.php'
Navigated to:'http://automationpractice.com/index.php'
Trying to find Element By : By.xpath: //a[@title='Log in to your customer account']
Found Element By : By.xpath: //a[@title='Log in to your customer account']
Trying to click on: [[ChromeDriver: chrome on WINDOWS (20d018c668a290ce85fa3fee5daa33fc)] -> xpath: //a[@title='Log in to your customer account']]
Clicked on: [[ChromeDriver: chrome on WINDOWS (20d018c668a290ce85fa3fee5daa33fc)] -> xpath: //a[@title='Log in to your customer account']]
Trying to find Element By : By.id: email
Found Element By : By.id: email
Trying to find Element By : By.id: passwd
Found Element By : By.id: passwd
Trying to find Element By : By.name: SubmitLogin
Found Element By : By.name: SubmitLogin
Trying to click on: [[ChromeDriver: chrome on WINDOWS (20d018c668a290ce85fa3fee5daa33fc)] -> name: SubmitLogin]
Clicked on: [[ChromeDriver: chrome on WINDOWS (20d018c668a290ce85fa3fee5daa33fc)] -> name: SubmitLogin]
]]></system-out>
    <system-err><![CDATA[Starting ChromeDriver 89.0.4389.23 (61b08ee2c50024bab004e48d2b1b083cdbdac579-refs/branch-heads/4389@{#294}) on port 8611
Only local connections are allowed.
Please see https://chromedriver.chromium.org/security-considerations for suggestions on keeping ChromeDriver safe.
ChromeDriver was started successfully.
Mar 31, 2021 6:59:12 AM org.openqa.selenium.remote.ProtocolHandshake createSession
INFO: Detected dialect: W3C
]]></system-err>
  </testcase>
  <testcase name="loginWithWrongData[nnjrjos1u@tmail.ws, Elsayed, public void testCases.LoginPageTest.loginWithWrongData(java.lang.String,java.lang.String,java.lang.reflect.Method) throws java.lang.Exception](2)" classname="testCases.LoginPageTest" time="4.861">
    <system-out><![CDATA[Sucess
Before navigating to: 'http://automationpractice.com/index.php'
Navigated to:'http://automationpractice.com/index.php'
Trying to find Element By : By.xpath: //a[@title='Log in to your customer account']
Found Element By : By.xpath: //a[@title='Log in to your customer account']
Trying to click on: [[ChromeDriver: chrome on WINDOWS (ab3c2381a5dbfcf3172fe41a0c1700a7)] -> xpath: //a[@title='Log in to your customer account']]
Clicked on: [[ChromeDriver: chrome on WINDOWS (ab3c2381a5dbfcf3172fe41a0c1700a7)] -> xpath: //a[@title='Log in to your customer account']]
Trying to find Element By : By.id: email
Found Element By : By.id: email
Trying to find Element By : By.id: passwd
Found Element By : By.id: passwd
Trying to find Element By : By.name: SubmitLogin
Found Element By : By.name: SubmitLogin
Trying to click on: [[ChromeDriver: chrome on WINDOWS (ab3c2381a5dbfcf3172fe41a0c1700a7)] -> name: SubmitLogin]
Clicked on: [[ChromeDriver: chrome on WINDOWS (ab3c2381a5dbfcf3172fe41a0c1700a7)] -> name: SubmitLogin]
]]></system-out>
    <system-err><![CDATA[Starting ChromeDriver 89.0.4389.23 (61b08ee2c50024bab004e48d2b1b083cdbdac579-refs/branch-heads/4389@{#294}) on port 46425
Only local connections are allowed.
Please see https://chromedriver.chromium.org/security-considerations for suggestions on keeping ChromeDriver safe.
ChromeDriver was started successfully.
Mar 31, 2021 6:59:29 AM org.openqa.selenium.remote.ProtocolHandshake createSession
INFO: Detected dialect: W3C
]]></system-err>
  </testcase>
  <testcase name="loginWithWrongData[nnjrjos1u@tmail.wsd, 12345.0, public void testCases.LoginPageTest.loginWithWrongData(java.lang.String,java.lang.String,java.lang.reflect.Method) throws java.lang.Exception](3)" classname="testCases.LoginPageTest" time="4.541">
    <system-out><![CDATA[Sucess
Before navigating to: 'http://automationpractice.com/index.php'
Navigated to:'http://automationpractice.com/index.php'
Trying to find Element By : By.xpath: //a[@title='Log in to your customer account']
Found Element By : By.xpath: //a[@title='Log in to your customer account']
Trying to click on: [[ChromeDriver: chrome on WINDOWS (3bc18ee7935d0aa7d53d11bcfc0a91d4)] -> xpath: //a[@title='Log in to your customer account']]
Clicked on: [[ChromeDriver: chrome on WINDOWS (3bc18ee7935d0aa7d53d11bcfc0a91d4)] -> xpath: //a[@title='Log in to your customer account']]
Trying to find Element By : By.id: email
Found Element By : By.id: email
Trying to find Element By : By.id: passwd
Found Element By : By.id: passwd
Trying to find Element By : By.name: SubmitLogin
Found Element By : By.name: SubmitLogin
Trying to click on: [[ChromeDriver: chrome on WINDOWS (3bc18ee7935d0aa7d53d11bcfc0a91d4)] -> name: SubmitLogin]
Clicked on: [[ChromeDriver: chrome on WINDOWS (3bc18ee7935d0aa7d53d11bcfc0a91d4)] -> name: SubmitLogin]
]]></system-out>
    <system-err><![CDATA[Starting ChromeDriver 89.0.4389.23 (61b08ee2c50024bab004e48d2b1b083cdbdac579-refs/branch-heads/4389@{#294}) on port 41902
Only local connections are allowed.
Please see https://chromedriver.chromium.org/security-considerations for suggestions on keeping ChromeDriver safe.
ChromeDriver was started successfully.
Mar 31, 2021 6:59:47 AM org.openqa.selenium.remote.ProtocolHandshake createSession
INFO: Detected dialect: W3C
]]></system-err>
  </testcase>
  <testcase name="checkTops[public void testCases.CheckTopsTest.checkTops(java.lang.reflect.Method) throws java.lang.Exception](1)" classname="testCases.CheckTopsTest" time="9.853">
    <system-out><![CDATA[Sucess
Before navigating to: 'http://automationpractice.com/index.php'
Navigated to:'http://automationpractice.com/index.php'
Trying to find Element By : By.xpath: //a[@title='Log in to your customer account']
Found Element By : By.xpath: //a[@title='Log in to your customer account']
Trying to click on: [[ChromeDriver: chrome on WINDOWS (a6a4519c36c488e2df9114df3a8a1a3c)] -> xpath: //a[@title='Log in to your customer account']]
Clicked on: [[ChromeDriver: chrome on WINDOWS (a6a4519c36c488e2df9114df3a8a1a3c)] -> xpath: //a[@title='Log in to your customer account']]
Trying to find Element By : By.id: email
Found Element By : By.id: email
Trying to find Element By : By.id: passwd
Found Element By : By.id: passwd
Trying to find Element By : By.name: SubmitLogin
Found Element By : By.name: SubmitLogin
Trying to click on: [[ChromeDriver: chrome on WINDOWS (a6a4519c36c488e2df9114df3a8a1a3c)] -> name: SubmitLogin]
Clicked on: [[ChromeDriver: chrome on WINDOWS (a6a4519c36c488e2df9114df3a8a1a3c)] -> name: SubmitLogin]
Trying to find Element By : By.xpath: //a[@title='Women']
Found Element By : By.xpath: //a[@title='Women']
Trying to find Element By : By.xpath: //a[@title='Tops']
Found Element By : By.xpath: //a[@title='Tops']
Trying to click on: [[ChromeDriver: chrome on WINDOWS (a6a4519c36c488e2df9114df3a8a1a3c)] -> xpath: //a[@title='Tops']]
Clicked on: [[ChromeDriver: chrome on WINDOWS (a6a4519c36c488e2df9114df3a8a1a3c)] -> xpath: //a[@title='Tops']]
Trying to find Element By : By.xpath: //p[@class='subcategory-heading']
Found Element By : By.xpath: //p[@class='subcategory-heading']
Trying to find Element By : By.xpath: //p[@class='subcategory-heading']
Found Element By : By.xpath: //p[@class='subcategory-heading']
]]></system-out>
    <system-err><![CDATA[Starting ChromeDriver 89.0.4389.23 (61b08ee2c50024bab004e48d2b1b083cdbdac579-refs/branch-heads/4389@{#294}) on port 35278
Only local connections are allowed.
Please see https://chromedriver.chromium.org/security-considerations for suggestions on keeping ChromeDriver safe.
ChromeDriver was started successfully.
Mar 31, 2021 7:00:04 AM org.openqa.selenium.remote.ProtocolHandshake createSession
INFO: Detected dialect: W3C
]]></system-err>
  </testcase>
</testsuite>