<?xml version="1.0" encoding="UTF-8"?>
<!-- Generated by org.testng.reporters.JUnitXMLReporter -->
<testsuite ignored="0" hostname="DESKTOP-Q0GD9FJ" failures="0" tests="7" name="End to End Test on chrome" time="132.686" errors="0" timestamp="2021-03-31T07:00:26 EET">
  <testcase classname="testCases.HomePageTest" name="confirmHoMePage" time="7.479"/>
  <testcase classname="testCases.mainPageTest" name="confirmMainPage" time="12.821"/>
  <testcase classname="testCases.LoginPageTest" name="login" time="5.565"/>
  <testcase classname="testCases.LoginPageTest" name="loginWithWrongData" time="3.828"/>
  <testcase classname="testCases.LoginPageTest" name="loginWithWrongData" time="4.851"/>
  <testcase classname="testCases.LoginPageTest" name="loginWithWrongData" time="4.532"/>
  <testcase classname="testCases.CheckTopsTest" name="checkTops" time="9.828"/>
</testsuite> <!-- End to End Test on chrome -->
